Call to appendRow() returned success.
Call to appendCol() returned success.
Printing output of find(6.0): 
Printing output of find(-6.0): 
Printing output of find(-6.7): 
Number of rows = 16
Number of columns = 16
Call to update(2,5,-1.0) returned success.
Call to update(10,10,1.0) returned success.
Call to update(11,11,2.5) returned success.
Call to insertRow(1) returned success.
Call to insertCol(4) returned success.
Call to insertRow(-2) returned failure.
Number of rows = 17
Number of columns = 17
Call to update(2,5,-2.0) returned success.
Call to appendRow() returned success.
Call to appendCol() returned success.
Printing output of find(6.0): 
Printing output of find(-6.0): 
Call to update(6,6,100.0) returned success.
Call to update(10,8,3.0) returned success.
Printing output of entries(): (0,0,987.10) | (0,1,25.03) | (0,2,74.03) | (0,3,58.43) | (0,4,783.91) | (0,6,635.19) | (0,7,735.63) | (0,8,743.06) | (0,9,2.91) | (0,10,806.77) | (0,11,863.56) | (0,12,124.28) | (0,13,274.29) | (0,14,487.44) | (0,15,17.07) | (1,0,195.68) | (1,1,933.11) | (1,2,350.88) | (1,3,978.37) | (1,4,263.24) | (1,6,748.41) | (1,7,929.56) | (1,8,845.60) | (1,9,634.58) | (1,10,291.11) | (1,11,84.30) | (1,12,349.23) | (1,13,518.27) | (1,14,437.29) | (1,15,601.80) | (2,5,-2.00) | (3,0,821.44) | (3,1,414.85) | (3,2,295.85) | (3,3,716.93) | (3,4,37.96) | (3,6,-1.00) | (3,7,522.68) | (3,8,803.40) | (3,9,306.80) | (3,10,295.41) | (3,11,204.52) | (3,12,287.56) | (3,13,106.47) | (3,14,838.65) | (3,15,940.79) | (4,0,96.06) | (4,1,491.43) | (4,2,45.97) | (4,3,262.45) | (4,4,931.01) | (4,6,674.55) | (4,7,97.58) | (4,8,55.91) | (4,9,575.00) | (4,10,794.25) | (4,11,48.83) | (4,12,158.30) | (4,13,81.85) | (4,14,834.28) | (4,15,245.93) | (5,0,12.40) | (5,1,766.49) | (5,2,890.67) | (5,3,808.41) | (5,4,683.26) | (5,6,390.61) | (5,7,961.93) | (5,8,683.43) | (5,9,988.29) | (5,10,885.42) | (5,11,285.71) | (5,12,688.17) | (5,13,1.85) | (5,14,448.52) | (5,15,951.83) | (6,0,62.74) | (6,1,50.18) | (6,2,278.10) | (6,3,555.42) | (6,4,670.32) | (6,6,100.00) | (6,7,604.97) | (6,8,673.27) | (6,9,610.15) | (6,10,918.20) | (6,11,520.33) | (6,12,208.30) | (6,13,715.03) | (6,14,223.06) | (6,15,214.85) | (7,0,219.71) | (7,1,461.72) | (7,2,148.01) | (7,3,689.44) | (7,4,523.62) | (7,6,144.49) | (7,7,43.81) | (7,8,104.87) | (7,9,72.12) | (7,10,489.51) | (7,11,606.43) | (7,12,153.92) | (7,13,164.86) | (7,14,574.89) | (7,15,882.64) | (8,0,248.15) | (8,1,114.55) | (8,2,949.09) | (8,3,896.39) | (8,4,423.29) | (8,6,724.92) | (8,7,640.37) | (8,8,752.89) | (8,9,885.56) | (8,10,32.89) | (8,11,617.20) | (8,12,741.44) | (8,13,52.03) | (8,14,237.33) | (8,15,423.17) | (9,0,459.14) | (9,1,330.08) | (9,2,663.20) | (9,3,759.82) | (9,4,327.19) | (9,6,94.38) | (9,7,707.80) | (9,8,217.14) | (9,9,56.88) | (9,10,995.37) | (9,11,930.31) | (9,12,313.21) | (9,13,844.38) | (9,14,686.18) | (9,15,213.03) | (10,0,918.96) | (10,1,979.10) | (10,2,82.25) | (10,3,142.20) | (10,4,459.40) | (10,6,294.39) | (10,7,965.04) | (10,8,3.00) | (10,9,84.73) | (10,10,304.20) | (10,11,42.70) | (10,12,590.79) | (10,13,122.41) | (10,14,348.06) | (10,15,599.11) | (11,0,561.60) | (11,1,997.42) | (11,2,826.10) | (11,3,508.13) | (11,4,52.60) | (11,6,462.97) | (11,7,802.86) | (11,8,697.60) | (11,9,54.06) | (11,10,891.51) | (11,11,1.00) | (11,12,497.72) | (11,13,486.58) | (11,14,448.42) | (11,15,969.04) | (12,0,446.80) | (12,1,785.95) | (12,2,920.54) | (12,3,851.93) | (12,4,268.66) | (12,6,962.32) | (12,7,792.51) | (12,8,520.09) | (12,9,139.93) | (12,10,660.09) | (12,11,639.14) | (12,12,2.50) | (12,13,254.78) | (12,14,842.24) | (12,15,381.20) | (13,0,392.19) | (13,1,141.07) | (13,2,380.47) | (13,3,663.56) | (13,4,182.69) | (13,6,149.96) | (13,7,295.00) | (13,8,48.04) | (13,9,193.99) | (13,10,123.92) | (13,11,251.42) | (13,12,97.40) | (13,13,15.98) | (13,14,550.03) | (13,15,117.60) | (14,0,749.31) | (14,1,490.98) | (14,2,901.97) | (14,3,380.93) | (14,4,914.57) | (14,6,903.40) | (14,7,991.19) | (14,8,503.77) | (14,9,933.72) | (14,10,679.69) | (14,11,21.78) | (14,12,88.93) | (14,13,703.97) | (14,14,656.60) | (14,15,430.96) | (15,0,474.56) | (15,1,467.45) | (15,2,50.26) | (15,3,935.60) | (15,4,598.77) | (15,6,914.30) | (15,7,124.67) | (15,8,823.10) | (15,9,348.36) | (15,10,430.85) | (15,11,425.64) | (15,12,169.30) | (15,13,804.02) | (15,14,915.80) | (15,15,95.10)
